{
  "stats": {
    "suites": 12,
    "tests": 41,
    "passes": 21,
    "pending": 0,
    "failures": 20,
    "start": "2022-07-05T00:22:44.654Z",
    "end": "2022-07-05T00:24:12.657Z",
    "duration": 88003,
    "testsRegistered": 41,
    "passPercent": 51.21951219512195,
    "pendingPercent": 0,
    "other": 0,
    "hasOther": false,
    "skipped": 0,
    "hasSkipped": false
  },
  "results": [
    {
      "uuid": "aa168105-3a87-4a26-9d91-90b1b09e0a57",
      "title": "",
      "fullFile": "cypress/integration/project.spec.js",
      "file": "cypress/integration/project.spec.js",
      "beforeHooks": [],
      "afterHooks": [],
      "tests": [],
      "suites": [
        {
          "uuid": "682dfe81-ceb6-4f81-8bc2-9fc13f331d6e",
          "title": "1 - Adicione à página o título \"Paleta de Cores\".",
          "fullFile": "",
          "file": "",
          "beforeHooks": [],
          "afterHooks": [],
          "tests": [
            {
              "title": "Verifica se contém um elemento `h1` com o id `title` com o título correto",
              "fullTitle": "1 - Adicione à página o título \"Paleta de Cores\". Verifica se contém um elemento `h1` com o id `title` com o título correto",
              "timedOut": null,
              "duration": 109,
              "state": "passed",
              "speed": "slow",
              "pass": true,
              "fail": false,
              "pending": false,
              "context": null,
              "code": "cy.get('h1#title').should('contain.text', 'Paleta de Cores');",
              "err": {},
              "uuid": "91d78d8f-63de-4e76-ae9f-1e52a76b856c",
              "parentUUID": "682dfe81-ceb6-4f81-8bc2-9fc13f331d6e",
              "isHook": false,
              "skipped": false
            }
          ],
          "suites": [],
          "passes": [
            "91d78d8f-63de-4e76-ae9f-1e52a76b856c"
          ],
          "failures": [],
          "pending": [],
          "skipped": [],
          "duration": 109,
          "root": false,
          "rootEmpty": false,
          "_timeout": 2000
        },
        {
          "uuid": "cf5324ca-5bff-4822-9e34-d66d603a26a0",
          "title": "2 - Adicione à página uma paleta de quatro cores distintas.",
          "fullFile": "",
          "file": "",
          "beforeHooks": [],
          "afterHooks": [],
          "tests": [
            {
              "title": "A paleta de cores deve ser um elemento com `id` denominado `color-palette` e ter mais de 0px de altura e de largura.",
              "fullTitle": "2 - Adicione à página uma paleta de quatro cores distintas. A paleta de cores deve ser um elemento com `id` denominado `color-palette` e ter mais de 0px de altura e de largura.",
              "timedOut": null,
              "duration": 58,
              "state": "passed",
              "speed": "medium",
              "pass": true,
              "fail": false,
              "pending": false,
              "context": null,
              "code": "cy.get('#color-palette').should('be.visible');\ncy.get('#color-palette').children('.color');",
              "err": {},
              "uuid": "ec2cc8d7-20ce-4234-8fc3-0773f8819bed",
              "parentUUID": "cf5324ca-5bff-4822-9e34-d66d603a26a0",
              "isHook": false,
              "skipped": false
            },
            {
              "title": "Verifica se cada cor individual da paleta de cores possui a `classe` chamada `color`.",
              "fullTitle": "2 - Adicione à página uma paleta de quatro cores distintas. Verifica se cada cor individual da paleta de cores possui a `classe` chamada `color`.",
              "timedOut": null,
              "duration": 80,
              "state": "passed",
              "speed": "slow",
              "pass": true,
              "fail": false,
              "pending": false,
              "context": null,
              "code": "cy.get('.color').should('have.length', 4).then(function (colors) {\n  for (var i = 0; i < colors.length; i++) {\n    cy.wrap(colors[i]).should('be.visible');\n  }\n});",
              "err": {},
              "uuid": "4452660d-dfc7-48bc-867a-8a85ccaad0d3",
              "parentUUID": "cf5324ca-5bff-4822-9e34-d66d603a26a0",
              "isHook": false,
              "skipped": false
            },
            {
              "title": "Verifica se a cor de fundo de cada elemento da paleta é a cor que o elemento representa. **A única cor não permitida na paleta é a cor branca.**",
              "fullTitle": "2 - Adicione à página uma paleta de quatro cores distintas. Verifica se a cor de fundo de cada elemento da paleta é a cor que o elemento representa. **A única cor não permitida na paleta é a cor branca.**",
              "timedOut": null,
              "duration": 90,
              "state": "passed",
              "speed": "slow",
              "pass": true,
              "fail": false,
              "pending": false,
              "context": null,
              "code": "cy.get('.color').each(function (color) {\n  cy.wrap(color).should('have.class', 'color').and('not.have.css', 'background-color', WHITE);\n  cy.wrap(color).should('have.css', 'background-color');\n});",
              "err": {},
              "uuid": "e309d64f-655c-4757-86b2-742770c3f937",
              "parentUUID": "cf5324ca-5bff-4822-9e34-d66d603a26a0",
              "isHook": false,
              "skipped": false
            },
            {
              "title": "Verifica se cada elemento da paleta de cores tem uma borda preta, sólida e com 1 pixel de largura;",
              "fullTitle": "2 - Adicione à página uma paleta de quatro cores distintas. Verifica se cada elemento da paleta de cores tem uma borda preta, sólida e com 1 pixel de largura;",
              "timedOut": null,
              "duration": 66,
              "state": "passed",
              "speed": "medium",
              "pass": true,
              "fail": false,
              "pending": false,
              "context": null,
              "code": "cy.get('.color').each(function (color) {\n  cy.wrap(color).and('have.css', 'border', \"1px solid \".concat(BLACK)).and('have.class', 'color');\n});",
              "err": {},
              "uuid": "bb9ec9c6-9f5a-44fa-8187-8ebc3c444341",
              "parentUUID": "cf5324ca-5bff-4822-9e34-d66d603a26a0",
              "isHook": false,
              "skipped": false
            },
            {
              "title": "Verifica se a paleta lista todas as cores disponíveis para utilização, lado a lado.",
              "fullTitle": "2 - Adicione à página uma paleta de quatro cores distintas. Verifica se a paleta lista todas as cores disponíveis para utilização, lado a lado.",
              "timedOut": null,
              "duration": 73,
              "state": "passed",
              "speed": "medium",
              "pass": true,
              "fail": false,
              "pending": false,
              "context": null,
              "code": "cy.get('.color').then(function (colors) {\n  for (var index = 1; index < colors.length; index += 1) {\n    var currentColor = colors[index];\n    var previousColor = colors[index - 1];\n    cy.wrap(currentColor).should('be.onTheRightOf', previousColor).and('be.horizontallyAlignedWith', previousColor);\n  }\n});",
              "err": {},
              "uuid": "770a3484-3200-4e4a-b1c2-222420efe1a8",
              "parentUUID": "cf5324ca-5bff-4822-9e34-d66d603a26a0",
              "isHook": false,
              "skipped": false
            },
            {
              "title": "Verifica se a paleta de cores está posicionada abaixo do título 'Paleta de Cores'",
              "fullTitle": "2 - Adicione à página uma paleta de quatro cores distintas. Verifica se a paleta de cores está posicionada abaixo do título 'Paleta de Cores'",
              "timedOut": null,
              "duration": 80,
              "state": "passed",
              "speed": "slow",
              "pass": true,
              "fail": false,
              "pending": false,
              "context": null,
              "code": "cy.get('h1#title').then(function (title) {\n  cy.get('#color-palette').should('be.belowOf', title);\n});",
              "err": {},
              "uuid": "6dc49c72-7e18-417d-a7b8-701cf62f0dcc",
              "parentUUID": "cf5324ca-5bff-4822-9e34-d66d603a26a0",
              "isHook": false,
              "skipped": false
            },
            {
              "title": "Verifica se a paleta de cores não contém cores repetidas.",
              "fullTitle": "2 - Adicione à página uma paleta de quatro cores distintas. Verifica se a paleta de cores não contém cores repetidas.",
              "timedOut": null,
              "duration": 79,
              "state": "passed",
              "speed": "slow",
              "pass": true,
              "fail": false,
              "pending": false,
              "context": null,
              "code": "cy.get('.color').then(function (colors) {\n  var allColors = Array.from(colors).map(function (color) {\n    return Cypress.$(color).css('background-color');\n  });\n  cy.log(allColors);\n  var uniqColors = (0, _toConsumableArray2[\"default\"])(new Set(allColors));\n  cy.log(uniqColors);\n  expect(allColors.length).to.eq(uniqColors.length);\n});",
              "err": {},
              "uuid": "020d9224-ea8f-4363-9f56-36ecfc423eaf",
              "parentUUID": "cf5324ca-5bff-4822-9e34-d66d603a26a0",
              "isHook": false,
              "skipped": false
            }
          ],
          "suites": [],
          "passes": [
            "ec2cc8d7-20ce-4234-8fc3-0773f8819bed",
            "4452660d-dfc7-48bc-867a-8a85ccaad0d3",
            "e309d64f-655c-4757-86b2-742770c3f937",
            "bb9ec9c6-9f5a-44fa-8187-8ebc3c444341",
            "770a3484-3200-4e4a-b1c2-222420efe1a8",
            "6dc49c72-7e18-417d-a7b8-701cf62f0dcc",
            "020d9224-ea8f-4363-9f56-36ecfc423eaf"
          ],
          "failures": [],
          "pending": [],
          "skipped": [],
          "duration": 526,
          "root": false,
          "rootEmpty": false,
          "_timeout": 2000
        },
        {
          "uuid": "ab005c2f-912a-4f8a-91e2-c1b7c202ee37",
          "title": "3 - Adicione a cor **preta** como a primeira cor da paleta de cores.",
          "fullFile": "",
          "file": "",
          "beforeHooks": [],
          "afterHooks": [],
          "tests": [
            {
              "title": "Verifica se a primeira cor da paleta é preta",
              "fullTitle": "3 - Adicione a cor **preta** como a primeira cor da paleta de cores. Verifica se a primeira cor da paleta é preta",
              "timedOut": null,
              "duration": 76,
              "state": "passed",
              "speed": "slow",
              "pass": true,
              "fail": false,
              "pending": false,
              "context": null,
              "code": "cy.get('.color').first().should('have.css', 'background-color', BLACK);",
              "err": {},
              "uuid": "e36b8811-1ced-48fe-8dbe-045a756a5d09",
              "parentUUID": "ab005c2f-912a-4f8a-91e2-c1b7c202ee37",
              "isHook": false,
              "skipped": false
            },
            {
              "title": "Verifica se as demais cores podem ser escolhidas livremente.",
              "fullTitle": "3 - Adicione a cor **preta** como a primeira cor da paleta de cores. Verifica se as demais cores podem ser escolhidas livremente.",
              "timedOut": null,
              "duration": 145,
              "state": "passed",
              "speed": "slow",
              "pass": true,
              "fail": false,
              "pending": false,
              "context": null,
              "code": "cy.get('.color').eq(1).should('not.have.css', 'background-color', BLACK);\ncy.get('.color').eq(1).should('not.have.css', 'background-color', WHITE);\ncy.get('.color').eq(1).should('not.have.css', 'background-color', 'rgba(0, 0, 0, 0)');\ncy.get('.color').eq(1).should('have.css', 'background-color');\ncy.get('.color').eq(2).should('not.have.css', 'background-color', BLACK);\ncy.get('.color').eq(2).should('not.have.css', 'background-color', WHITE);\ncy.get('.color').eq(2).should('not.have.css', 'background-color', 'rgba(0, 0, 0, 0)');\ncy.get('.color').eq(2).should('have.css', 'background-color');\ncy.get('.color').eq(3).should('not.have.css', 'background-color', BLACK);\ncy.get('.color').eq(3).should('not.have.css', 'background-color', WHITE);\ncy.get('.color').eq(3).should('not.have.css', 'background-color', 'rgba(0, 0, 0, 0)');\ncy.get('.color').eq(3).should('have.css', 'background-color');",
              "err": {},
              "uuid": "233c232b-19fe-4516-850f-c841018daaf6",
              "parentUUID": "ab005c2f-912a-4f8a-91e2-c1b7c202ee37",
              "isHook": false,
              "skipped": false
            }
          ],
          "suites": [],
          "passes": [
            "e36b8811-1ced-48fe-8dbe-045a756a5d09",
            "233c232b-19fe-4516-850f-c841018daaf6"
          ],
          "failures": [],
          "pending": [],
          "skipped": [],
          "duration": 221,
          "root": false,
          "rootEmpty": false,
          "_timeout": 2000
        },
        {
          "uuid": "cacf0b3f-6a08-4499-8fa6-dde3462514b4",
          "title": "4 - Adicione à página um quadro de pixels, com 25 pixels.",
          "fullFile": "",
          "file": "",
          "beforeHooks": [],
          "afterHooks": [],
          "tests": [
            {
              "title": "Verifica se o quadro de pixels possui o `id` denominado `pixel-board`",
              "fullTitle": "4 - Adicione à página um quadro de pixels, com 25 pixels. Verifica se o quadro de pixels possui o `id` denominado `pixel-board`",
              "timedOut": null,
              "duration": 58,
              "state": "passed",
              "speed": "medium",
              "pass": true,
              "fail": false,
              "pending": false,
              "context": null,
              "code": "cy.get('#pixel-board').should('be.visible');",
              "err": {},
              "uuid": "1b8e3df3-5959-4b61-aa0e-888c993d79ca",
              "parentUUID": "cacf0b3f-6a08-4499-8fa6-dde3462514b4",
              "isHook": false,
              "skipped": false
            },
            {
              "title": "Verifica se cada pixel individual dentro do quadro possui a `classe` denominada `pixel`.",
              "fullTitle": "4 - Adicione à página um quadro de pixels, com 25 pixels. Verifica se cada pixel individual dentro do quadro possui a `classe` denominada `pixel`.",
              "timedOut": null,
              "duration": 60,
              "state": "passed",
              "speed": "medium",
              "pass": true,
              "fail": false,
              "pending": false,
              "context": null,
              "code": "cy.get('.pixel').should('have.length', 25);",
              "err": {},
              "uuid": "829133d1-9a03-4f90-ae5a-87521480b466",
              "parentUUID": "cacf0b3f-6a08-4499-8fa6-dde3462514b4",
              "isHook": false,
              "skipped": false
            },
            {
              "title": "Verifica se a cor inicial dos pixels dentro do quadro, ao abrir a página, é branca.",
              "fullTitle": "4 - Adicione à página um quadro de pixels, com 25 pixels. Verifica se a cor inicial dos pixels dentro do quadro, ao abrir a página, é branca.",
              "timedOut": null,
              "duration": 98,
              "state": "passed",
              "speed": "slow",
              "pass": true,
              "fail": false,
              "pending": false,
              "context": null,
              "code": "cy.get('.pixel').should('have.length', 25).each(function (pixel) {\n  expect(pixel).to.have.css('background-color', WHITE);\n});",
              "err": {},
              "uuid": "0ff008ef-cae9-41ef-96eb-2c7b39f596fa",
              "parentUUID": "cacf0b3f-6a08-4499-8fa6-dde3462514b4",
              "isHook": false,
              "skipped": false
            },
            {
              "title": "Verifica se o quadro de pixels aparece abaixo da paleta de cores",
              "fullTitle": "4 - Adicione à página um quadro de pixels, com 25 pixels. Verifica se o quadro de pixels aparece abaixo da paleta de cores",
              "timedOut": null,
              "duration": 65,
              "state": "passed",
              "speed": "medium",
              "pass": true,
              "fail": false,
              "pending": false,
              "context": null,
              "code": "cy.get('#color-palette').then(function (palette) {\n  cy.get('#pixel-board').should('be.belowOf', palette);\n});",
              "err": {},
              "uuid": "2edf52a6-0855-46dc-91fe-5c06ab55195f",
              "parentUUID": "cacf0b3f-6a08-4499-8fa6-dde3462514b4",
              "isHook": false,
              "skipped": false
            }
          ],
          "suites": [],
          "passes": [
            "1b8e3df3-5959-4b61-aa0e-888c993d79ca",
            "829133d1-9a03-4f90-ae5a-87521480b466",
            "0ff008ef-cae9-41ef-96eb-2c7b39f596fa",
            "2edf52a6-0855-46dc-91fe-5c06ab55195f"
          ],
          "failures": [],
          "pending": [],
          "skipped": [],
          "duration": 281,
          "root": false,
          "rootEmpty": false,
          "_timeout": 2000
        },
        {
          "uuid": "fe11d055-dc1c-4771-927c-9815f9ee959a",
          "title": "5 - Faça com que cada elemento do quadro de pixels possua 40 pixels de largura, 40 pixels de altura e seja delimitado por uma borda preta de 1 pixel.",
          "fullFile": "",
          "file": "",
          "beforeHooks": [],
          "afterHooks": [],
          "tests": [
            {
              "title": "Verifica se o quadro de pixels tem altura e comprimento de 5 elementos",
              "fullTitle": "5 - Faça com que cada elemento do quadro de pixels possua 40 pixels de largura, 40 pixels de altura e seja delimitado por uma borda preta de 1 pixel. Verifica se o quadro de pixels tem altura e comprimento de 5 elementos",
              "timedOut": null,
              "duration": 158,
              "state": "passed",
              "speed": "slow",
              "pass": true,
              "fail": false,
              "pending": false,
              "context": null,
              "code": "cy.get('.pixel').should('have.length', 25).each(function (pixel) {\n  expect(pixel).to.have.css('background-color', WHITE);\n}).and(function (pixels) {\n  var rows = chunk(pixels, 5);\n  rows.forEach(function (row) {\n    for (var index = 1; index < row.length; index += 1) {\n      var current = pixels[index];\n      var previous = pixels[index - 1];\n      cy.wrap(current).should('be.onTheRightOf', previous).and('be.horizontallyAlignedWith', previous);\n    }\n  });\n  for (var index = 1; index < 5; index += 1) {\n    expect(pixels[index * 5]).to.be.belowOf(pixels[(index - 1) * 5]);\n  }\n});",
              "err": {},
              "uuid": "75b7422d-e0a5-47b7-af05-4abf11a89a78",
              "parentUUID": "fe11d055-dc1c-4771-927c-9815f9ee959a",
              "isHook": false,
              "skipped": false
            },
            {
              "title": "Verifica se 40 pixels é o tamanho total do elemento, incluindo seu conteúdo e excluindo a borda preta, que deve ser criada à parte.",
              "fullTitle": "5 - Faça com que cada elemento do quadro de pixels possua 40 pixels de largura, 40 pixels de altura e seja delimitado por uma borda preta de 1 pixel. Verifica se 40 pixels é o tamanho total do elemento, incluindo seu conteúdo e excluindo a borda preta, que deve ser criada à parte.",
              "timedOut": null,
              "duration": 168,
              "state": "passed",
              "speed": "slow",
              "pass": true,
              "fail": false,
              "pending": false,
              "context": null,
              "code": "cy.get('.pixel').each(function (pixel) {\n  cy.wrap(pixel).should('have.css', 'height', '40px').and('have.css', 'width', '40px').and('have.css', 'border', \"1px solid \".concat(BLACK));\n});",
              "err": {},
              "uuid": "1ee7cc04-303b-48e0-9e77-41391b811209",
              "parentUUID": "fe11d055-dc1c-4771-927c-9815f9ee959a",
              "isHook": false,
              "skipped": false
            }
          ],
          "suites": [],
          "passes": [
            "75b7422d-e0a5-47b7-af05-4abf11a89a78",
            "1ee7cc04-303b-48e0-9e77-41391b811209"
          ],
          "failures": [],
          "pending": [],
          "skipped": [],
          "duration": 326,
          "root": false,
          "rootEmpty": false,
          "_timeout": 2000
        },
        {
          "uuid": "71b7b164-d4e9-4ef2-b286-7b357dca4848",
          "title": "6 - Defina a cor preta como cor inicial. Ao carregar a página a cor preta já deve estar selecionada para pintar os pixels",
          "fullFile": "",
          "file": "",
          "beforeHooks": [],
          "afterHooks": [],
          "tests": [
            {
              "title": "Verifica se o elemento da cor preta possui, inicialmente, a `classe` `selected`",
              "fullTitle": "6 - Defina a cor preta como cor inicial. Ao carregar a página a cor preta já deve estar selecionada para pintar os pixels Verifica se o elemento da cor preta possui, inicialmente, a `classe` `selected`",
              "timedOut": null,
              "duration": 53,
              "state": "passed",
              "speed": "medium",
              "pass": true,
              "fail": false,
              "pending": false,
              "context": null,
              "code": "cy.get('.selected').first().should('have.css', 'background-color', BLACK);",
              "err": {},
              "uuid": "52612df2-c38f-4829-b9b4-cee06ef9cade",
              "parentUUID": "71b7b164-d4e9-4ef2-b286-7b357dca4848",
              "isHook": false,
              "skipped": false
            },
            {
              "title": "Verifica se nenhuma outra cor da paleta tem a `classe` `selected`",
              "fullTitle": "6 - Defina a cor preta como cor inicial. Ao carregar a página a cor preta já deve estar selecionada para pintar os pixels Verifica se nenhuma outra cor da paleta tem a `classe` `selected`",
              "timedOut": null,
              "duration": 66,
              "state": "passed",
              "speed": "medium",
              "pass": true,
              "fail": false,
              "pending": false,
              "context": null,
              "code": "cy.get('.color:not(:first-child)').each(function (color) {\n  cy.wrap(color).should('not.have.class', 'selected');\n});",
              "err": {},
              "uuid": "c89cae7e-9994-4c28-a907-f80c21ad1810",
              "parentUUID": "71b7b164-d4e9-4ef2-b286-7b357dca4848",
              "isHook": false,
              "skipped": false
            }
          ],
          "suites": [],
          "passes": [
            "52612df2-c38f-4829-b9b4-cee06ef9cade",
            "c89cae7e-9994-4c28-a907-f80c21ad1810"
          ],
          "failures": [],
          "pending": [],
          "skipped": [],
          "duration": 119,
          "root": false,
          "rootEmpty": false,
          "_timeout": 2000
        },
        {
          "uuid": "c6646ebd-e281-4879-82cd-a8e4d1d51109",
          "title": "7 - Clicar em uma das cores da paleta, faz com que ela seja selecionada e utilizada para preencher os pixels no quadro.",
          "fullFile": "",
          "file": "",
          "beforeHooks": [],
          "afterHooks": [],
          "tests": [
            {
              "title": "Verifica se somente uma cor da paleta de cores tem a classe `selected` de cada vez",
              "fullTitle": "7 - Clicar em uma das cores da paleta, faz com que ela seja selecionada e utilizada para preencher os pixels no quadro. Verifica se somente uma cor da paleta de cores tem a classe `selected` de cada vez",
              "timedOut": null,
              "duration": 389,
              "state": "passed",
              "speed": "slow",
              "pass": true,
              "fail": false,
              "pending": false,
              "context": null,
              "code": "cy.get('.color').each(function (selectedColor, selectedColorIndex) {\n  cy.wrap(selectedColor).click();\n  cy.get('.color').each(function (color, colorIndex) {\n    if (colorIndex === selectedColorIndex) {\n      expect(color).to.have[\"class\"]('selected');\n    } else {\n      expect(color).not.to.have[\"class\"]('selected');\n    }\n  });\n});",
              "err": {},
              "uuid": "c8d93d5a-7afa-4609-9745-569ceb4153b7",
              "parentUUID": "c6646ebd-e281-4879-82cd-a8e4d1d51109",
              "isHook": false,
              "skipped": false
            },
            {
              "title": "Verifica se os pixels dentro do quadro não têm a classe `selected` quando são clicados",
              "fullTitle": "7 - Clicar em uma das cores da paleta, faz com que ela seja selecionada e utilizada para preencher os pixels no quadro. Verifica se os pixels dentro do quadro não têm a classe `selected` quando são clicados",
              "timedOut": null,
              "duration": 7803,
              "state": "passed",
              "speed": "slow",
              "pass": true,
              "fail": false,
              "pending": false,
              "context": null,
              "code": "cy.get('.color').each(function (color) {\n  var backgroundColor = color.css('background-color');\n  cy.wrap(color).click();\n  cy.get('.pixel').each(function (pixel) {\n    cy.wrap(pixel).click().should('not.have.class', 'selected');\n  });\n});",
              "err": {},
              "uuid": "9aa10271-2b97-42de-8bdd-1190313c385e",
              "parentUUID": "c6646ebd-e281-4879-82cd-a8e4d1d51109",
              "isHook": false,
              "skipped": false
            }
          ],
          "suites": [],
          "passes": [
            "c8d93d5a-7afa-4609-9745-569ceb4153b7",
            "9aa10271-2b97-42de-8bdd-1190313c385e"
          ],
          "failures": [],
          "pending": [],
          "skipped": [],
          "duration": 8192,
          "root": false,
          "rootEmpty": false,
          "_timeout": 2000
        },
        {
          "uuid": "c85c6033-27e3-4df4-9e7c-ec94451369d7",
          "title": "8 - Clicar em um pixel dentro do quadro após selecionar uma cor na paleta, faz com que o pixel seja preenchido com a cor selecionada.",
          "fullFile": "",
          "file": "",
          "beforeHooks": [],
          "afterHooks": [],
          "tests": [
            {
              "title": "Verifica se ao carregar a página deve ser possível pintar os pixels de preto",
              "fullTitle": "8 - Clicar em um pixel dentro do quadro após selecionar uma cor na paleta, faz com que o pixel seja preenchido com a cor selecionada. Verifica se ao carregar a página deve ser possível pintar os pixels de preto",
              "timedOut": null,
              "duration": 4265,
              "state": "failed",
              "speed": null,
              "pass": false,
              "fail": true,
              "pending": false,
              "context": null,
              "code": "cy.get('.pixel').each(function (pixel) {\n  cy.wrap(pixel).click().should('have.css', 'background-color', BLACK);\n});",
              "err": {
                "message": "CypressError: Timed out retrying: expected '<div.pixel>' to have CSS property 'background-color' with the value 'rgb(0, 0, 0)', but the value was 'rgb(255, 255, 255)'",
                "estack": "CypressError: Timed out retrying: expected '<div.pixel>' to have CSS property 'background-color' with the value 'rgb(0, 0, 0)', but the value was 'rgb(255, 255, 255)'\n    at cypressErr (http://localhost:38513/__cypress/runner/cypress_runner.js:149934:9)\n    at throwErr (http://localhost:38513/__cypress/runner/cypress_runner.js:149867:11)\n    at Object.throwErrByPath (http://localhost:38513/__cypress/runner/cypress_runner.js:149915:3)\n    at retry (http://localhost:38513/__cypress/runner/cypress_runner.js:144197:19)\n    at onFailFn (http://localhost:38513/__cypress/runner/cypress_runner.js:132448:16)\n    at tryCatcher (http://localhost:38513/__cypress/runner/cypress_runner.js:167415:23)\n    at Promise._settlePromiseFromHandler (http://localhost:38513/__cypress/runner/cypress_runner.js:165351:31)\n    at Promise._settlePromise (http://localhost:38513/__cypress/runner/cypress_runner.js:165408:18)\n    at Promise._settlePromise0 (http://localhost:38513/__cypress/runner/cypress_runner.js:165453:10)\n    at Promise._settlePromises (http://localhost:38513/__cypress/runner/cypress_runner.js:165528:18)\n    at Async../node_modules/bluebird/js/release/async.js.Async._drainQueue (http://localhost:38513/__cypress/runner/cypress_runner.js:162140:16)\n    at Async../node_modules/bluebird/js/release/async.js.Async._drainQueues (http://localhost:38513/__cypress/runner/cypress_runner.js:162150:10)\n    at Async.drainQueues (http://localhost:38513/__cypress/runner/cypress_runner.js:162024:14)",
                "diff": null
              },
              "uuid": "a41ac20c-3cf4-444f-a616-3126634ae432",
              "parentUUID": "c85c6033-27e3-4df4-9e7c-ec94451369d7",
              "isHook": false,
              "skipped": false
            },
            {
              "title": "Verifica se após selecionar uma outra cor na paleta, é possível pintar os pixels com essa cor",
              "fullTitle": "8 - Clicar em um pixel dentro do quadro após selecionar uma cor na paleta, faz com que o pixel seja preenchido com a cor selecionada. Verifica se após selecionar uma outra cor na paleta, é possível pintar os pixels com essa cor",
              "timedOut": null,
              "duration": 4367,
              "state": "failed",
              "speed": null,
              "pass": false,
              "fail": true,
              "pending": false,
              "context": null,
              "code": "cy.get('.color').each(function (color) {\n  var backgroundColor = color.css('background-color');\n  cy.wrap(color).click();\n  cy.get('.pixel').each(function (pixel) {\n    cy.wrap(pixel).click().should('have.css', 'background-color', backgroundColor);\n  });\n});",
              "err": {
                "message": "CypressError: Timed out retrying: expected '<div.pixel>' to have CSS property 'background-color' with the value 'rgb(0, 0, 0)', but the value was 'rgb(255, 255, 255)'",
                "estack": "CypressError: Timed out retrying: expected '<div.pixel>' to have CSS property 'background-color' with the value 'rgb(0, 0, 0)', but the value was 'rgb(255, 255, 255)'\n    at cypressErr (http://localhost:38513/__cypress/runner/cypress_runner.js:149934:9)\n    at throwErr (http://localhost:38513/__cypress/runner/cypress_runner.js:149867:11)\n    at Object.throwErrByPath (http://localhost:38513/__cypress/runner/cypress_runner.js:149915:3)\n    at retry (http://localhost:38513/__cypress/runner/cypress_runner.js:144197:19)\n    at onFailFn (http://localhost:38513/__cypress/runner/cypress_runner.js:132448:16)\n    at tryCatcher (http://localhost:38513/__cypress/runner/cypress_runner.js:167415:23)\n    at Promise._settlePromiseFromHandler (http://localhost:38513/__cypress/runner/cypress_runner.js:165351:31)\n    at Promise._settlePromise (http://localhost:38513/__cypress/runner/cypress_runner.js:165408:18)\n    at Promise._settlePromise0 (http://localhost:38513/__cypress/runner/cypress_runner.js:165453:10)\n    at Promise._settlePromises (http://localhost:38513/__cypress/runner/cypress_runner.js:165528:18)\n    at Async../node_modules/bluebird/js/release/async.js.Async._drainQueue (http://localhost:38513/__cypress/runner/cypress_runner.js:162140:16)\n    at Async../node_modules/bluebird/js/release/async.js.Async._drainQueues (http://localhost:38513/__cypress/runner/cypress_runner.js:162150:10)\n    at Async.drainQueues (http://localhost:38513/__cypress/runner/cypress_runner.js:162024:14)",
                "diff": null
              },
              "uuid": "0df65891-744a-4145-8a13-ae02eefbe040",
              "parentUUID": "c85c6033-27e3-4df4-9e7c-ec94451369d7",
              "isHook": false,
              "skipped": false
            },
            {
              "title": "Verifica se somente o pixel que foi clicado foi preenchido com a cor selecionada, sem influenciar na cor dos demais pixels.",
              "fullTitle": "8 - Clicar em um pixel dentro do quadro após selecionar uma cor na paleta, faz com que o pixel seja preenchido com a cor selecionada. Verifica se somente o pixel que foi clicado foi preenchido com a cor selecionada, sem influenciar na cor dos demais pixels.",
              "timedOut": null,
              "duration": 951,
              "state": "passed",
              "speed": "slow",
              "pass": true,
              "fail": false,
              "pending": false,
              "context": null,
              "code": "var colorToPixelIndexMap = {\n  0: 6,\n  1: 8,\n  2: 16,\n  3: 18\n};\ncy.get('.color').each(function (color, index) {\n  cy.wrap(color).click();\n  var backgroundColor = color.css('background-color');\n  var clickedPixelIndex = colorToPixelIndexMap[index];\n  cy.get('.pixel').eq(clickedPixelIndex).click();\n  cy.get('.pixel').eq(clickedPixelIndex - 1).should('not.have.css', 'background-color', backgroundColor);\n  cy.get('.pixel').eq(clickedPixelIndex + 1).should('not.have.css', 'background-color', backgroundColor);\n  cy.get('.pixel').eq(clickedPixelIndex - 5).should('not.have.css', 'background-color', backgroundColor);\n  cy.get('.pixel').eq(clickedPixelIndex + 5).should('not.have.css', 'background-color', backgroundColor);\n  cy.get('.pixel').eq(clickedPixelIndex - 6).should('not.have.css', 'background-color', backgroundColor);\n  cy.get('.pixel').eq(clickedPixelIndex - 4).should('not.have.css', 'background-color', backgroundColor);\n  cy.get('.pixel').eq(clickedPixelIndex + 4).should('not.have.css', 'background-color', backgroundColor);\n  cy.get('.pixel').eq(clickedPixelIndex + 6).should('not.have.css', 'background-color', backgroundColor);\n});",
              "err": {},
              "uuid": "58b95ebf-aeb2-460b-ad8a-5ca81007b26d",
              "parentUUID": "c85c6033-27e3-4df4-9e7c-ec94451369d7",
              "isHook": false,
              "skipped": false
            }
          ],
          "suites": [],
          "passes": [
            "58b95ebf-aeb2-460b-ad8a-5ca81007b26d"
          ],
          "failures": [
            "a41ac20c-3cf4-444f-a616-3126634ae432",
            "0df65891-744a-4145-8a13-ae02eefbe040"
          ],
          "pending": [],
          "skipped": [],
          "duration": 9583,
          "root": false,
          "rootEmpty": false,
          "_timeout": 2000
        },
        {
          "uuid": "c791eb11-f665-4927-8987-e321f03af068",
          "title": "9 - Crie um botão que, ao ser clicado, limpa o quadro preenchendo a cor de todos seus pixels com branco.",
          "fullFile": "",
          "file": "",
          "beforeHooks": [],
          "afterHooks": [],
          "tests": [
            {
              "title": "Verifica se o botão tem o `id` denominado `clear-board`",
              "fullTitle": "9 - Crie um botão que, ao ser clicado, limpa o quadro preenchendo a cor de todos seus pixels com branco. Verifica se o botão tem o `id` denominado `clear-board`",
              "timedOut": null,
              "duration": 4205,
              "state": "failed",
              "speed": null,
              "pass": false,
              "fail": true,
              "pending": false,
              "context": null,
              "code": "cy.get('#clear-board').should('be.visible');",
              "err": {
                "message": "CypressError: Timed out retrying: Expected to find element: '#clear-board', but never found it.",
                "estack": "CypressError: Timed out retrying: Expected to find element: '#clear-board', but never found it.\n    at cypressErr (http://localhost:38513/__cypress/runner/cypress_runner.js:149934:9)\n    at throwErr (http://localhost:38513/__cypress/runner/cypress_runner.js:149867:11)\n    at Object.throwErrByPath (http://localhost:38513/__cypress/runner/cypress_runner.js:149915:3)\n    at retry (http://localhost:38513/__cypress/runner/cypress_runner.js:144197:19)\n    at onFailFn (http://localhost:38513/__cypress/runner/cypress_runner.js:132448:16)\n    at tryCatcher (http://localhost:38513/__cypress/runner/cypress_runner.js:167415:23)\n    at Promise._settlePromiseFromHandler (http://localhost:38513/__cypress/runner/cypress_runner.js:165351:31)\n    at Promise._settlePromise (http://localhost:38513/__cypress/runner/cypress_runner.js:165408:18)\n    at Promise._settlePromise0 (http://localhost:38513/__cypress/runner/cypress_runner.js:165453:10)\n    at Promise._settlePromises (http://localhost:38513/__cypress/runner/cypress_runner.js:165528:18)\n    at Async../node_modules/bluebird/js/release/async.js.Async._drainQueue (http://localhost:38513/__cypress/runner/cypress_runner.js:162140:16)\n    at Async../node_modules/bluebird/js/release/async.js.Async._drainQueues (http://localhost:38513/__cypress/runner/cypress_runner.js:162150:10)\n    at Async.drainQueues (http://localhost:38513/__cypress/runner/cypress_runner.js:162024:14)",
                "diff": null
              },
              "uuid": "e3e515bc-0e9a-457b-8f16-c22121d83090",
              "parentUUID": "c791eb11-f665-4927-8987-e321f03af068",
              "isHook": false,
              "skipped": false
            },
            {
              "title": "Verifica se o botão está posicionado entre a paleta de cores e o quadro de pixels",
              "fullTitle": "9 - Crie um botão que, ao ser clicado, limpa o quadro preenchendo a cor de todos seus pixels com branco. Verifica se o botão está posicionado entre a paleta de cores e o quadro de pixels",
              "timedOut": null,
              "duration": 4191,
              "state": "failed",
              "speed": null,
              "pass": false,
              "fail": true,
              "pending": false,
              "context": null,
              "code": "cy.get('#color-palette').then(function (palette) {\n  cy.get('#clear-board').should('be.belowOf', palette);\n});\ncy.get('#clear-board').then(function (clearBtn) {\n  cy.get('#pixel-board').should('be.belowOf', clearBtn);\n});",
              "err": {
                "message": "CypressError: Timed out retrying: Expected to find element: '#clear-board', but never found it.",
                "estack": "CypressError: Timed out retrying: Expected to find element: '#clear-board', but never found it.\n    at cypressErr (http://localhost:38513/__cypress/runner/cypress_runner.js:149934:9)\n    at throwErr (http://localhost:38513/__cypress/runner/cypress_runner.js:149867:11)\n    at Object.throwErrByPath (http://localhost:38513/__cypress/runner/cypress_runner.js:149915:3)\n    at retry (http://localhost:38513/__cypress/runner/cypress_runner.js:144197:19)\n    at onFailFn (http://localhost:38513/__cypress/runner/cypress_runner.js:132448:16)\n    at tryCatcher (http://localhost:38513/__cypress/runner/cypress_runner.js:167415:23)\n    at Promise._settlePromiseFromHandler (http://localhost:38513/__cypress/runner/cypress_runner.js:165351:31)\n    at Promise._settlePromise (http://localhost:38513/__cypress/runner/cypress_runner.js:165408:18)\n    at Promise._settlePromise0 (http://localhost:38513/__cypress/runner/cypress_runner.js:165453:10)\n    at Promise._settlePromises (http://localhost:38513/__cypress/runner/cypress_runner.js:165528:18)\n    at Async../node_modules/bluebird/js/release/async.js.Async._drainQueue (http://localhost:38513/__cypress/runner/cypress_runner.js:162140:16)\n    at Async../node_modules/bluebird/js/release/async.js.Async._drainQueues (http://localhost:38513/__cypress/runner/cypress_runner.js:162150:10)\n    at Async.drainQueues (http://localhost:38513/__cypress/runner/cypress_runner.js:162024:14)",
                "diff": null
              },
              "uuid": "1de2f170-5dd8-4879-897d-a1f3306ab74f",
              "parentUUID": "c791eb11-f665-4927-8987-e321f03af068",
              "isHook": false,
              "skipped": false
            },
            {
              "title": "Verifica se o texto do botão é 'Limpar'",
              "fullTitle": "9 - Crie um botão que, ao ser clicado, limpa o quadro preenchendo a cor de todos seus pixels com branco. Verifica se o texto do botão é 'Limpar'",
              "timedOut": null,
              "duration": 4189,
              "state": "failed",
              "speed": null,
              "pass": false,
              "fail": true,
              "pending": false,
              "context": null,
              "code": "cy.get('#clear-board').should('contain.text', 'Limpar');",
              "err": {
                "message": "CypressError: Timed out retrying: Expected to find element: '#clear-board', but never found it.",
                "estack": "CypressError: Timed out retrying: Expected to find element: '#clear-board', but never found it.\n    at cypressErr (http://localhost:38513/__cypress/runner/cypress_runner.js:149934:9)\n    at throwErr (http://localhost:38513/__cypress/runner/cypress_runner.js:149867:11)\n    at Object.throwErrByPath (http://localhost:38513/__cypress/runner/cypress_runner.js:149915:3)\n    at retry (http://localhost:38513/__cypress/runner/cypress_runner.js:144197:19)\n    at onFailFn (http://localhost:38513/__cypress/runner/cypress_runner.js:132448:16)\n    at tryCatcher (http://localhost:38513/__cypress/runner/cypress_runner.js:167415:23)\n    at Promise._settlePromiseFromHandler (http://localhost:38513/__cypress/runner/cypress_runner.js:165351:31)\n    at Promise._settlePromise (http://localhost:38513/__cypress/runner/cypress_runner.js:165408:18)\n    at Promise._settlePromise0 (http://localhost:38513/__cypress/runner/cypress_runner.js:165453:10)\n    at Promise._settlePromises (http://localhost:38513/__cypress/runner/cypress_runner.js:165528:18)\n    at Async../node_modules/bluebird/js/release/async.js.Async._drainQueue (http://localhost:38513/__cypress/runner/cypress_runner.js:162140:16)\n    at Async../node_modules/bluebird/js/release/async.js.Async._drainQueues (http://localhost:38513/__cypress/runner/cypress_runner.js:162150:10)\n    at Async.drainQueues (http://localhost:38513/__cypress/runner/cypress_runner.js:162024:14)",
                "diff": null
              },
              "uuid": "1b0c70db-a6bd-4423-b7e8-1acefe3bd766",
              "parentUUID": "c791eb11-f665-4927-8987-e321f03af068",
              "isHook": false,
              "skipped": false
            },
            {
              "title": "Verifica se ao clicar no botão, o quadro de pixels é totalmente preenchido de branco",
              "fullTitle": "9 - Crie um botão que, ao ser clicado, limpa o quadro preenchendo a cor de todos seus pixels com branco. Verifica se ao clicar no botão, o quadro de pixels é totalmente preenchido de branco",
              "timedOut": null,
              "duration": 4337,
              "state": "failed",
              "speed": null,
              "pass": false,
              "fail": true,
              "pending": false,
              "context": null,
              "code": "cy.get('.color').eq(1).then(function (color) {\n  var backgroundColor = color.css('background-color');\n  cy.wrap(color).click();\n  cy.get('.pixel').each(function (pixel) {\n    cy.wrap(pixel).click().should('have.css', 'background-color', backgroundColor);\n  });\n});\ncy.get('#clear-board').click();\ncy.get('.pixel').each(function (pixel) {\n  cy.wrap(pixel).should('have.css', 'background-color', WHITE);\n});",
              "err": {
                "message": "CypressError: Timed out retrying: expected '<div.pixel>' to have CSS property 'background-color' with the value 'rgb(255, 0, 0)', but the value was 'rgb(255, 255, 255)'",
                "estack": "CypressError: Timed out retrying: expected '<div.pixel>' to have CSS property 'background-color' with the value 'rgb(255, 0, 0)', but the value was 'rgb(255, 255, 255)'\n    at cypressErr (http://localhost:38513/__cypress/runner/cypress_runner.js:149934:9)\n    at throwErr (http://localhost:38513/__cypress/runner/cypress_runner.js:149867:11)\n    at Object.throwErrByPath (http://localhost:38513/__cypress/runner/cypress_runner.js:149915:3)\n    at retry (http://localhost:38513/__cypress/runner/cypress_runner.js:144197:19)\n    at onFailFn (http://localhost:38513/__cypress/runner/cypress_runner.js:132448:16)\n    at tryCatcher (http://localhost:38513/__cypress/runner/cypress_runner.js:167415:23)\n    at Promise._settlePromiseFromHandler (http://localhost:38513/__cypress/runner/cypress_runner.js:165351:31)\n    at Promise._settlePromise (http://localhost:38513/__cypress/runner/cypress_runner.js:165408:18)\n    at Promise._settlePromise0 (http://localhost:38513/__cypress/runner/cypress_runner.js:165453:10)\n    at Promise._settlePromises (http://localhost:38513/__cypress/runner/cypress_runner.js:165528:18)\n    at Async../node_modules/bluebird/js/release/async.js.Async._drainQueue (http://localhost:38513/__cypress/runner/cypress_runner.js:162140:16)\n    at Async../node_modules/bluebird/js/release/async.js.Async._drainQueues (http://localhost:38513/__cypress/runner/cypress_runner.js:162150:10)\n    at Async.drainQueues (http://localhost:38513/__cypress/runner/cypress_runner.js:162024:14)",
                "diff": null
              },
              "uuid": "f750a38b-5fac-4475-9a5f-7e2fba706621",
              "parentUUID": "c791eb11-f665-4927-8987-e321f03af068",
              "isHook": false,
              "skipped": false
            }
          ],
          "suites": [],
          "passes": [],
          "failures": [
            "e3e515bc-0e9a-457b-8f16-c22121d83090",
            "1de2f170-5dd8-4879-897d-a1f3306ab74f",
            "1b0c70db-a6bd-4423-b7e8-1acefe3bd766",
            "f750a38b-5fac-4475-9a5f-7e2fba706621"
          ],
          "pending": [],
          "skipped": [],
          "duration": 16922,
          "root": false,
          "rootEmpty": false,
          "_timeout": 2000
        },
        {
          "uuid": "e324801a-b2ce-43a7-bc74-ac4806d10ece",
          "title": "10 - Faça o quadro de pixels ter seu tamanho definido pelo usuário.",
          "fullFile": "",
          "file": "",
          "beforeHooks": [],
          "afterHooks": [],
          "tests": [
            {
              "title": "Verifica se existe um input com o id `board-size`",
              "fullTitle": "10 - Faça o quadro de pixels ter seu tamanho definido pelo usuário. Verifica se existe um input com o id `board-size`",
              "timedOut": null,
              "duration": 4239,
              "state": "failed",
              "speed": null,
              "pass": false,
              "fail": true,
              "pending": false,
              "context": null,
              "code": "cy.get('#board-size').should('be.visible');",
              "err": {
                "message": "CypressError: Timed out retrying: Expected to find element: '#board-size', but never found it.",
                "estack": "CypressError: Timed out retrying: Expected to find element: '#board-size', but never found it.\n    at cypressErr (http://localhost:38513/__cypress/runner/cypress_runner.js:149934:9)\n    at throwErr (http://localhost:38513/__cypress/runner/cypress_runner.js:149867:11)\n    at Object.throwErrByPath (http://localhost:38513/__cypress/runner/cypress_runner.js:149915:3)\n    at retry (http://localhost:38513/__cypress/runner/cypress_runner.js:144197:19)\n    at onFailFn (http://localhost:38513/__cypress/runner/cypress_runner.js:132448:16)\n    at tryCatcher (http://localhost:38513/__cypress/runner/cypress_runner.js:167415:23)\n    at Promise._settlePromiseFromHandler (http://localhost:38513/__cypress/runner/cypress_runner.js:165351:31)\n    at Promise._settlePromise (http://localhost:38513/__cypress/runner/cypress_runner.js:165408:18)\n    at Promise._settlePromise0 (http://localhost:38513/__cypress/runner/cypress_runner.js:165453:10)\n    at Promise._settlePromises (http://localhost:38513/__cypress/runner/cypress_runner.js:165528:18)\n    at Async../node_modules/bluebird/js/release/async.js.Async._drainQueue (http://localhost:38513/__cypress/runner/cypress_runner.js:162140:16)\n    at Async../node_modules/bluebird/js/release/async.js.Async._drainQueues (http://localhost:38513/__cypress/runner/cypress_runner.js:162150:10)\n    at Async.drainQueues (http://localhost:38513/__cypress/runner/cypress_runner.js:162024:14)",
                "diff": null
              },
              "uuid": "8a3c8bd5-5704-4421-9955-c94b8badd287",
              "parentUUID": "e324801a-b2ce-43a7-bc74-ac4806d10ece",
              "isHook": false,
              "skipped": false
            },
            {
              "title": "Verifica se existe um botão com o id `generate-board`",
              "fullTitle": "10 - Faça o quadro de pixels ter seu tamanho definido pelo usuário. Verifica se existe um botão com o id `generate-board`",
              "timedOut": null,
              "duration": 4197,
              "state": "failed",
              "speed": null,
              "pass": false,
              "fail": true,
              "pending": false,
              "context": null,
              "code": "cy.get('#generate-board').should('be.visible');",
              "err": {
                "message": "CypressError: Timed out retrying: Expected to find element: '#generate-board', but never found it.",
                "estack": "CypressError: Timed out retrying: Expected to find element: '#generate-board', but never found it.\n    at cypressErr (http://localhost:38513/__cypress/runner/cypress_runner.js:149934:9)\n    at throwErr (http://localhost:38513/__cypress/runner/cypress_runner.js:149867:11)\n    at Object.throwErrByPath (http://localhost:38513/__cypress/runner/cypress_runner.js:149915:3)\n    at retry (http://localhost:38513/__cypress/runner/cypress_runner.js:144197:19)\n    at onFailFn (http://localhost:38513/__cypress/runner/cypress_runner.js:132448:16)\n    at tryCatcher (http://localhost:38513/__cypress/runner/cypress_runner.js:167415:23)\n    at Promise._settlePromiseFromHandler (http://localhost:38513/__cypress/runner/cypress_runner.js:165351:31)\n    at Promise._settlePromise (http://localhost:38513/__cypress/runner/cypress_runner.js:165408:18)\n    at Promise._settlePromise0 (http://localhost:38513/__cypress/runner/cypress_runner.js:165453:10)\n    at Promise._settlePromises (http://localhost:38513/__cypress/runner/cypress_runner.js:165528:18)\n    at Async../node_modules/bluebird/js/release/async.js.Async._drainQueue (http://localhost:38513/__cypress/runner/cypress_runner.js:162140:16)\n    at Async../node_modules/bluebird/js/release/async.js.Async._drainQueues (http://localhost:38513/__cypress/runner/cypress_runner.js:162150:10)\n    at Async.drainQueues (http://localhost:38513/__cypress/runner/cypress_runner.js:162024:14)",
                "diff": null
              },
              "uuid": "4c4f8bb8-1d77-4b74-a416-8537960e3167",
              "parentUUID": "e324801a-b2ce-43a7-bc74-ac4806d10ece",
              "isHook": false,
              "skipped": false
            },
            {
              "title": "Verifica se o input só aceita número maiores que zero. Essa restrição deve ser feita usando os atributos do elemento `input`",
              "fullTitle": "10 - Faça o quadro de pixels ter seu tamanho definido pelo usuário. Verifica se o input só aceita número maiores que zero. Essa restrição deve ser feita usando os atributos do elemento `input`",
              "timedOut": null,
              "duration": 4181,
              "state": "failed",
              "speed": null,
              "pass": false,
              "fail": true,
              "pending": false,
              "context": null,
              "code": "cy.get('#board-size[type=\\'number\\'][min=\\'1\\']');",
              "err": {
                "message": "CypressError: Timed out retrying: Expected to find element: '#board-size[type='number'][min='1']', but never found it.",
                "estack": "CypressError: Timed out retrying: Expected to find element: '#board-size[type='number'][min='1']', but never found it.\n    at cypressErr (http://localhost:38513/__cypress/runner/cypress_runner.js:149934:9)\n    at throwErr (http://localhost:38513/__cypress/runner/cypress_runner.js:149867:11)\n    at Object.throwErrByPath (http://localhost:38513/__cypress/runner/cypress_runner.js:149915:3)\n    at retry (http://localhost:38513/__cypress/runner/cypress_runner.js:144197:19)\n    at onFailFn (http://localhost:38513/__cypress/runner/cypress_runner.js:132448:16)\n    at tryCatcher (http://localhost:38513/__cypress/runner/cypress_runner.js:167415:23)\n    at Promise._settlePromiseFromHandler (http://localhost:38513/__cypress/runner/cypress_runner.js:165351:31)\n    at Promise._settlePromise (http://localhost:38513/__cypress/runner/cypress_runner.js:165408:18)\n    at Promise._settlePromise0 (http://localhost:38513/__cypress/runner/cypress_runner.js:165453:10)\n    at Promise._settlePromises (http://localhost:38513/__cypress/runner/cypress_runner.js:165528:18)\n    at Async../node_modules/bluebird/js/release/async.js.Async._drainQueue (http://localhost:38513/__cypress/runner/cypress_runner.js:162140:16)\n    at Async../node_modules/bluebird/js/release/async.js.Async._drainQueues (http://localhost:38513/__cypress/runner/cypress_runner.js:162150:10)\n    at Async.drainQueues (http://localhost:38513/__cypress/runner/cypress_runner.js:162024:14)",
                "diff": null
              },
              "uuid": "e216046d-11b7-4067-a1da-fa42896e5723",
              "parentUUID": "e324801a-b2ce-43a7-bc74-ac4806d10ece",
              "isHook": false,
              "skipped": false
            },
            {
              "title": "Verifica se o botão contém o texto 'VQV'",
              "fullTitle": "10 - Faça o quadro de pixels ter seu tamanho definido pelo usuário. Verifica se o botão contém o texto 'VQV'",
              "timedOut": null,
              "duration": 4185,
              "state": "failed",
              "speed": null,
              "pass": false,
              "fail": true,
              "pending": false,
              "context": null,
              "code": "cy.get('#generate-board').contains(/vqv/i);",
              "err": {
                "message": "CypressError: Timed out retrying: Expected to find element: '#generate-board', but never found it.",
                "estack": "CypressError: Timed out retrying: Expected to find element: '#generate-board', but never found it.\n    at cypressErr (http://localhost:38513/__cypress/runner/cypress_runner.js:149934:9)\n    at throwErr (http://localhost:38513/__cypress/runner/cypress_runner.js:149867:11)\n    at Object.throwErrByPath (http://localhost:38513/__cypress/runner/cypress_runner.js:149915:3)\n    at retry (http://localhost:38513/__cypress/runner/cypress_runner.js:144197:19)\n    at onFailFn (http://localhost:38513/__cypress/runner/cypress_runner.js:132448:16)\n    at tryCatcher (http://localhost:38513/__cypress/runner/cypress_runner.js:167415:23)\n    at Promise._settlePromiseFromHandler (http://localhost:38513/__cypress/runner/cypress_runner.js:165351:31)\n    at Promise._settlePromise (http://localhost:38513/__cypress/runner/cypress_runner.js:165408:18)\n    at Promise._settlePromise0 (http://localhost:38513/__cypress/runner/cypress_runner.js:165453:10)\n    at Promise._settlePromises (http://localhost:38513/__cypress/runner/cypress_runner.js:165528:18)\n    at Async../node_modules/bluebird/js/release/async.js.Async._drainQueue (http://localhost:38513/__cypress/runner/cypress_runner.js:162140:16)\n    at Async../node_modules/bluebird/js/release/async.js.Async._drainQueues (http://localhost:38513/__cypress/runner/cypress_runner.js:162150:10)\n    at Async.drainQueues (http://localhost:38513/__cypress/runner/cypress_runner.js:162024:14)",
                "diff": null
              },
              "uuid": "8024d6cc-78d3-4998-a676-e12c747e3c57",
              "parentUUID": "e324801a-b2ce-43a7-bc74-ac4806d10ece",
              "isHook": false,
              "skipped": false
            },
            {
              "title": "Verifica se o input está posicionado entre a paleta de cores e o quadro de pixels",
              "fullTitle": "10 - Faça o quadro de pixels ter seu tamanho definido pelo usuário. Verifica se o input está posicionado entre a paleta de cores e o quadro de pixels",
              "timedOut": null,
              "duration": 4214,
              "state": "failed",
              "speed": null,
              "pass": false,
              "fail": true,
              "pending": false,
              "context": null,
              "code": "cy.get('#color-palette').then(function (palette) {\n  cy.get('#board-size').should('be.belowOf', palette);\n});\ncy.get('#board-size').then(function (palette) {\n  cy.get('#pixel-board').should('be.belowOf', palette);\n});",
              "err": {
                "message": "CypressError: Timed out retrying: Expected to find element: '#board-size', but never found it.",
                "estack": "CypressError: Timed out retrying: Expected to find element: '#board-size', but never found it.\n    at cypressErr (http://localhost:38513/__cypress/runner/cypress_runner.js:149934:9)\n    at throwErr (http://localhost:38513/__cypress/runner/cypress_runner.js:149867:11)\n    at Object.throwErrByPath (http://localhost:38513/__cypress/runner/cypress_runner.js:149915:3)\n    at retry (http://localhost:38513/__cypress/runner/cypress_runner.js:144197:19)\n    at onFailFn (http://localhost:38513/__cypress/runner/cypress_runner.js:132448:16)\n    at tryCatcher (http://localhost:38513/__cypress/runner/cypress_runner.js:167415:23)\n    at Promise._settlePromiseFromHandler (http://localhost:38513/__cypress/runner/cypress_runner.js:165351:31)\n    at Promise._settlePromise (http://localhost:38513/__cypress/runner/cypress_runner.js:165408:18)\n    at Promise._settlePromise0 (http://localhost:38513/__cypress/runner/cypress_runner.js:165453:10)\n    at Promise._settlePromises (http://localhost:38513/__cypress/runner/cypress_runner.js:165528:18)\n    at Async../node_modules/bluebird/js/release/async.js.Async._drainQueue (http://localhost:38513/__cypress/runner/cypress_runner.js:162140:16)\n    at Async../node_modules/bluebird/js/release/async.js.Async._drainQueues (http://localhost:38513/__cypress/runner/cypress_runner.js:162150:10)\n    at Async.drainQueues (http://localhost:38513/__cypress/runner/cypress_runner.js:162024:14)",
                "diff": null
              },
              "uuid": "f1b09120-b1f3-48d5-8b28-c9bbfa482cdf",
              "parentUUID": "e324801a-b2ce-43a7-bc74-ac4806d10ece",
              "isHook": false,
              "skipped": false
            },
            {
              "title": "Verifica se o botão está posicionado ao lado do input",
              "fullTitle": "10 - Faça o quadro de pixels ter seu tamanho definido pelo usuário. Verifica se o botão está posicionado ao lado do input",
              "timedOut": null,
              "duration": 4205,
              "state": "failed",
              "speed": null,
              "pass": false,
              "fail": true,
              "pending": false,
              "context": null,
              "code": "cy.get('#board-size').then(function (board) {\n  cy.get('#generate-board').should('be.onTheRightOf', board);\n});",
              "err": {
                "message": "CypressError: Timed out retrying: Expected to find element: '#board-size', but never found it.",
                "estack": "CypressError: Timed out retrying: Expected to find element: '#board-size', but never found it.\n    at cypressErr (http://localhost:38513/__cypress/runner/cypress_runner.js:149934:9)\n    at throwErr (http://localhost:38513/__cypress/runner/cypress_runner.js:149867:11)\n    at Object.throwErrByPath (http://localhost:38513/__cypress/runner/cypress_runner.js:149915:3)\n    at retry (http://localhost:38513/__cypress/runner/cypress_runner.js:144197:19)\n    at onFailFn (http://localhost:38513/__cypress/runner/cypress_runner.js:132448:16)\n    at tryCatcher (http://localhost:38513/__cypress/runner/cypress_runner.js:167415:23)\n    at Promise._settlePromiseFromHandler (http://localhost:38513/__cypress/runner/cypress_runner.js:165351:31)\n    at Promise._settlePromise (http://localhost:38513/__cypress/runner/cypress_runner.js:165408:18)\n    at Promise._settlePromise0 (http://localhost:38513/__cypress/runner/cypress_runner.js:165453:10)\n    at Promise._settlePromises (http://localhost:38513/__cypress/runner/cypress_runner.js:165528:18)\n    at Async../node_modules/bluebird/js/release/async.js.Async._drainQueue (http://localhost:38513/__cypress/runner/cypress_runner.js:162140:16)\n    at Async../node_modules/bluebird/js/release/async.js.Async._drainQueues (http://localhost:38513/__cypress/runner/cypress_runner.js:162150:10)\n    at Async.drainQueues (http://localhost:38513/__cypress/runner/cypress_runner.js:162024:14)",
                "diff": null
              },
              "uuid": "673eebe6-35ef-4534-9440-62ea43a3d2df",
              "parentUUID": "e324801a-b2ce-43a7-bc74-ac4806d10ece",
              "isHook": false,
              "skipped": false
            },
            {
              "title": "Verifica se nenhum valor for colocado no input ao clicar no botão, um `alert` é exibido com o texto: 'Board inválido!'",
              "fullTitle": "10 - Faça o quadro de pixels ter seu tamanho definido pelo usuário. Verifica se nenhum valor for colocado no input ao clicar no botão, um `alert` é exibido com o texto: 'Board inválido!'",
              "timedOut": null,
              "duration": 4186,
              "state": "failed",
              "speed": null,
              "pass": false,
              "fail": true,
              "pending": false,
              "context": null,
              "code": "var alerted = false;\ncy.on('window:alert', function (msg) {\n  return alerted = msg;\n});\ncy.get('#generate-board').click().then(function () {\n  return expect(alerted).to.match(/Board inválido!/i);\n});",
              "err": {
                "message": "CypressError: Timed out retrying: Expected to find element: '#generate-board', but never found it.",
                "estack": "CypressError: Timed out retrying: Expected to find element: '#generate-board', but never found it.\n    at cypressErr (http://localhost:38513/__cypress/runner/cypress_runner.js:149934:9)\n    at throwErr (http://localhost:38513/__cypress/runner/cypress_runner.js:149867:11)\n    at Object.throwErrByPath (http://localhost:38513/__cypress/runner/cypress_runner.js:149915:3)\n    at retry (http://localhost:38513/__cypress/runner/cypress_runner.js:144197:19)\n    at onFailFn (http://localhost:38513/__cypress/runner/cypress_runner.js:132448:16)\n    at tryCatcher (http://localhost:38513/__cypress/runner/cypress_runner.js:167415:23)\n    at Promise._settlePromiseFromHandler (http://localhost:38513/__cypress/runner/cypress_runner.js:165351:31)\n    at Promise._settlePromise (http://localhost:38513/__cypress/runner/cypress_runner.js:165408:18)\n    at Promise._settlePromise0 (http://localhost:38513/__cypress/runner/cypress_runner.js:165453:10)\n    at Promise._settlePromises (http://localhost:38513/__cypress/runner/cypress_runner.js:165528:18)\n    at Async../node_modules/bluebird/js/release/async.js.Async._drainQueue (http://localhost:38513/__cypress/runner/cypress_runner.js:162140:16)\n    at Async../node_modules/bluebird/js/release/async.js.Async._drainQueues (http://localhost:38513/__cypress/runner/cypress_runner.js:162150:10)\n    at Async.drainQueues (http://localhost:38513/__cypress/runner/cypress_runner.js:162024:14)",
                "diff": null
              },
              "uuid": "2b0a1282-e266-4945-8998-ec8a00212c9f",
              "parentUUID": "e324801a-b2ce-43a7-bc74-ac4806d10ece",
              "isHook": false,
              "skipped": false
            },
            {
              "title": "Verifica se ao clicar no botão com um valor preenchido, o tamanho do board muda.",
              "fullTitle": "10 - Faça o quadro de pixels ter seu tamanho definido pelo usuário. Verifica se ao clicar no botão com um valor preenchido, o tamanho do board muda.",
              "timedOut": null,
              "duration": 4237,
              "state": "failed",
              "speed": null,
              "pass": false,
              "fail": true,
              "pending": false,
              "context": null,
              "code": "cy.get('#board-size').clear().type(10);\ncy.get('#generate-board').click();\ncy.get('.pixel').should('have.length', 100);",
              "err": {
                "message": "CypressError: Timed out retrying: Expected to find element: '#board-size', but never found it.",
                "estack": "CypressError: Timed out retrying: Expected to find element: '#board-size', but never found it.\n    at cypressErr (http://localhost:38513/__cypress/runner/cypress_runner.js:149934:9)\n    at throwErr (http://localhost:38513/__cypress/runner/cypress_runner.js:149867:11)\n    at Object.throwErrByPath (http://localhost:38513/__cypress/runner/cypress_runner.js:149915:3)\n    at retry (http://localhost:38513/__cypress/runner/cypress_runner.js:144197:19)\n    at onFailFn (http://localhost:38513/__cypress/runner/cypress_runner.js:132448:16)\n    at tryCatcher (http://localhost:38513/__cypress/runner/cypress_runner.js:167415:23)\n    at Promise._settlePromiseFromHandler (http://localhost:38513/__cypress/runner/cypress_runner.js:165351:31)\n    at Promise._settlePromise (http://localhost:38513/__cypress/runner/cypress_runner.js:165408:18)\n    at Promise._settlePromise0 (http://localhost:38513/__cypress/runner/cypress_runner.js:165453:10)\n    at Promise._settlePromises (http://localhost:38513/__cypress/runner/cypress_runner.js:165528:18)\n    at Async../node_modules/bluebird/js/release/async.js.Async._drainQueue (http://localhost:38513/__cypress/runner/cypress_runner.js:162140:16)\n    at Async../node_modules/bluebird/js/release/async.js.Async._drainQueues (http://localhost:38513/__cypress/runner/cypress_runner.js:162150:10)\n    at Async.drainQueues (http://localhost:38513/__cypress/runner/cypress_runner.js:162024:14)",
                "diff": null
              },
              "uuid": "57cdd40a-f723-4908-8b99-93f655e4864a",
              "parentUUID": "e324801a-b2ce-43a7-bc74-ac4806d10ece",
              "isHook": false,
              "skipped": false
            },
            {
              "title": "Verifica se o novo quadro tem todos os pixels preenchidos com a cor branca",
              "fullTitle": "10 - Faça o quadro de pixels ter seu tamanho definido pelo usuário. Verifica se o novo quadro tem todos os pixels preenchidos com a cor branca",
              "timedOut": null,
              "duration": 4204,
              "state": "failed",
              "speed": null,
              "pass": false,
              "fail": true,
              "pending": false,
              "context": null,
              "code": "cy.get('#board-size').clear().type(6);\ncy.get('#generate-board').click();\ncy.get('.pixel').should('have.length', 36).each(function (pixel) {\n  expect(pixel).to.have.css('background-color', WHITE);\n});",
              "err": {
                "message": "CypressError: Timed out retrying: Expected to find element: '#board-size', but never found it.",
                "estack": "CypressError: Timed out retrying: Expected to find element: '#board-size', but never found it.\n    at cypressErr (http://localhost:38513/__cypress/runner/cypress_runner.js:149934:9)\n    at throwErr (http://localhost:38513/__cypress/runner/cypress_runner.js:149867:11)\n    at Object.throwErrByPath (http://localhost:38513/__cypress/runner/cypress_runner.js:149915:3)\n    at retry (http://localhost:38513/__cypress/runner/cypress_runner.js:144197:19)\n    at onFailFn (http://localhost:38513/__cypress/runner/cypress_runner.js:132448:16)\n    at tryCatcher (http://localhost:38513/__cypress/runner/cypress_runner.js:167415:23)\n    at Promise._settlePromiseFromHandler (http://localhost:38513/__cypress/runner/cypress_runner.js:165351:31)\n    at Promise._settlePromise (http://localhost:38513/__cypress/runner/cypress_runner.js:165408:18)\n    at Promise._settlePromise0 (http://localhost:38513/__cypress/runner/cypress_runner.js:165453:10)\n    at Promise._settlePromises (http://localhost:38513/__cypress/runner/cypress_runner.js:165528:18)\n    at Async../node_modules/bluebird/js/release/async.js.Async._drainQueue (http://localhost:38513/__cypress/runner/cypress_runner.js:162140:16)\n    at Async../node_modules/bluebird/js/release/async.js.Async._drainQueues (http://localhost:38513/__cypress/runner/cypress_runner.js:162150:10)\n    at Async.drainQueues (http://localhost:38513/__cypress/runner/cypress_runner.js:162024:14)",
                "diff": null
              },
              "uuid": "8cf78e82-196f-4342-8418-aa8fb8f617ae",
              "parentUUID": "e324801a-b2ce-43a7-bc74-ac4806d10ece",
              "isHook": false,
              "skipped": false
            }
          ],
          "suites": [],
          "passes": [],
          "failures": [
            "8a3c8bd5-5704-4421-9955-c94b8badd287",
            "4c4f8bb8-1d77-4b74-a416-8537960e3167",
            "e216046d-11b7-4067-a1da-fa42896e5723",
            "8024d6cc-78d3-4998-a676-e12c747e3c57",
            "f1b09120-b1f3-48d5-8b28-c9bbfa482cdf",
            "673eebe6-35ef-4534-9440-62ea43a3d2df",
            "2b0a1282-e266-4945-8998-ec8a00212c9f",
            "57cdd40a-f723-4908-8b99-93f655e4864a",
            "8cf78e82-196f-4342-8418-aa8fb8f617ae"
          ],
          "pending": [],
          "skipped": [],
          "duration": 37848,
          "root": false,
          "rootEmpty": false,
          "_timeout": 2000
        },
        {
          "uuid": "dc7b1aff-1667-4902-8844-4ee6a99d983e",
          "title": "11 - Limite o tamanho mínimo e máximo do board.",
          "fullFile": "",
          "file": "",
          "beforeHooks": [],
          "afterHooks": [],
          "tests": [
            {
              "title": "Verifica se a altura máxima do board é 50",
              "fullTitle": "11 - Limite o tamanho mínimo e máximo do board. Verifica se a altura máxima do board é 50",
              "timedOut": null,
              "duration": 4208,
              "state": "failed",
              "speed": null,
              "pass": false,
              "fail": true,
              "pending": false,
              "context": null,
              "code": "cy.get('#board-size').clear().type(50);\ncy.get('#generate-board').click();\ncy.get('.pixel').should('have.length', 2500);",
              "err": {
                "message": "CypressError: Timed out retrying: Expected to find element: '#board-size', but never found it.",
                "estack": "CypressError: Timed out retrying: Expected to find element: '#board-size', but never found it.\n    at cypressErr (http://localhost:38513/__cypress/runner/cypress_runner.js:149934:9)\n    at throwErr (http://localhost:38513/__cypress/runner/cypress_runner.js:149867:11)\n    at Object.throwErrByPath (http://localhost:38513/__cypress/runner/cypress_runner.js:149915:3)\n    at retry (http://localhost:38513/__cypress/runner/cypress_runner.js:144197:19)\n    at onFailFn (http://localhost:38513/__cypress/runner/cypress_runner.js:132448:16)\n    at tryCatcher (http://localhost:38513/__cypress/runner/cypress_runner.js:167415:23)\n    at Promise._settlePromiseFromHandler (http://localhost:38513/__cypress/runner/cypress_runner.js:165351:31)\n    at Promise._settlePromise (http://localhost:38513/__cypress/runner/cypress_runner.js:165408:18)\n    at Promise._settlePromise0 (http://localhost:38513/__cypress/runner/cypress_runner.js:165453:10)\n    at Promise._settlePromises (http://localhost:38513/__cypress/runner/cypress_runner.js:165528:18)\n    at Async../node_modules/bluebird/js/release/async.js.Async._drainQueue (http://localhost:38513/__cypress/runner/cypress_runner.js:162140:16)\n    at Async../node_modules/bluebird/js/release/async.js.Async._drainQueues (http://localhost:38513/__cypress/runner/cypress_runner.js:162150:10)\n    at Async.drainQueues (http://localhost:38513/__cypress/runner/cypress_runner.js:162024:14)",
                "diff": null
              },
              "uuid": "adcc0cac-d104-44de-a554-24f52d5be309",
              "parentUUID": "dc7b1aff-1667-4902-8844-4ee6a99d983e",
              "isHook": false,
              "skipped": false
            },
            {
              "title": "Verifica se a altura do board é 5 quando um valor menor é colocado no input",
              "fullTitle": "11 - Limite o tamanho mínimo e máximo do board. Verifica se a altura do board é 5 quando um valor menor é colocado no input",
              "timedOut": null,
              "duration": 4199,
              "state": "failed",
              "speed": null,
              "pass": false,
              "fail": true,
              "pending": false,
              "context": null,
              "code": "cy.get('#board-size').clear().type(4);\ncy.get('#generate-board').click();\ncy.get('.pixel').should('have.length', 25);",
              "err": {
                "message": "CypressError: Timed out retrying: Expected to find element: '#board-size', but never found it.",
                "estack": "CypressError: Timed out retrying: Expected to find element: '#board-size', but never found it.\n    at cypressErr (http://localhost:38513/__cypress/runner/cypress_runner.js:149934:9)\n    at throwErr (http://localhost:38513/__cypress/runner/cypress_runner.js:149867:11)\n    at Object.throwErrByPath (http://localhost:38513/__cypress/runner/cypress_runner.js:149915:3)\n    at retry (http://localhost:38513/__cypress/runner/cypress_runner.js:144197:19)\n    at onFailFn (http://localhost:38513/__cypress/runner/cypress_runner.js:132448:16)\n    at tryCatcher (http://localhost:38513/__cypress/runner/cypress_runner.js:167415:23)\n    at Promise._settlePromiseFromHandler (http://localhost:38513/__cypress/runner/cypress_runner.js:165351:31)\n    at Promise._settlePromise (http://localhost:38513/__cypress/runner/cypress_runner.js:165408:18)\n    at Promise._settlePromise0 (http://localhost:38513/__cypress/runner/cypress_runner.js:165453:10)\n    at Promise._settlePromises (http://localhost:38513/__cypress/runner/cypress_runner.js:165528:18)\n    at Async../node_modules/bluebird/js/release/async.js.Async._drainQueue (http://localhost:38513/__cypress/runner/cypress_runner.js:162140:16)\n    at Async../node_modules/bluebird/js/release/async.js.Async._drainQueues (http://localhost:38513/__cypress/runner/cypress_runner.js:162150:10)\n    at Async.drainQueues (http://localhost:38513/__cypress/runner/cypress_runner.js:162024:14)",
                "diff": null
              },
              "uuid": "3e229059-ba37-47cf-b8be-a90ffa621711",
              "parentUUID": "dc7b1aff-1667-4902-8844-4ee6a99d983e",
              "isHook": false,
              "skipped": false
            },
            {
              "title": "Verifica se a altura do board é 50 quando um valor maior é colocado no input",
              "fullTitle": "11 - Limite o tamanho mínimo e máximo do board. Verifica se a altura do board é 50 quando um valor maior é colocado no input",
              "timedOut": null,
              "duration": 4213,
              "state": "failed",
              "speed": null,
              "pass": false,
              "fail": true,
              "pending": false,
              "context": null,
              "code": "cy.get('#board-size').clear().type(51);\ncy.get('#generate-board').click();\ncy.get('.pixel').should('have.length', 2500);",
              "err": {
                "message": "CypressError: Timed out retrying: Expected to find element: '#board-size', but never found it.",
                "estack": "CypressError: Timed out retrying: Expected to find element: '#board-size', but never found it.\n    at cypressErr (http://localhost:38513/__cypress/runner/cypress_runner.js:149934:9)\n    at throwErr (http://localhost:38513/__cypress/runner/cypress_runner.js:149867:11)\n    at Object.throwErrByPath (http://localhost:38513/__cypress/runner/cypress_runner.js:149915:3)\n    at retry (http://localhost:38513/__cypress/runner/cypress_runner.js:144197:19)\n    at onFailFn (http://localhost:38513/__cypress/runner/cypress_runner.js:132448:16)\n    at tryCatcher (http://localhost:38513/__cypress/runner/cypress_runner.js:167415:23)\n    at Promise._settlePromiseFromHandler (http://localhost:38513/__cypress/runner/cypress_runner.js:165351:31)\n    at Promise._settlePromise (http://localhost:38513/__cypress/runner/cypress_runner.js:165408:18)\n    at Promise._settlePromise0 (http://localhost:38513/__cypress/runner/cypress_runner.js:165453:10)\n    at Promise._settlePromises (http://localhost:38513/__cypress/runner/cypress_runner.js:165528:18)\n    at Async../node_modules/bluebird/js/release/async.js.Async._drainQueue (http://localhost:38513/__cypress/runner/cypress_runner.js:162140:16)\n    at Async../node_modules/bluebird/js/release/async.js.Async._drainQueues (http://localhost:38513/__cypress/runner/cypress_runner.js:162150:10)\n    at Async.drainQueues (http://localhost:38513/__cypress/runner/cypress_runner.js:162024:14)",
                "diff": null
              },
              "uuid": "65f40d05-f57f-46a1-a5ab-2654ddc78e43",
              "parentUUID": "dc7b1aff-1667-4902-8844-4ee6a99d983e",
              "isHook": false,
              "skipped": false
            }
          ],
          "suites": [],
          "passes": [],
          "failures": [
            "adcc0cac-d104-44de-a554-24f52d5be309",
            "3e229059-ba37-47cf-b8be-a90ffa621711",
            "65f40d05-f57f-46a1-a5ab-2654ddc78e43"
          ],
          "pending": [],
          "skipped": [],
          "duration": 12620,
          "root": false,
          "rootEmpty": false,
          "_timeout": 2000
        },
        {
          "uuid": "092defc5-71e1-487e-8d03-2ef0cb3450dc",
          "title": "12 - Faça com que as cores da paleta sejam geradas aleatoriamente ao carregar a página.",
          "fullFile": "",
          "file": "",
          "beforeHooks": [],
          "afterHooks": [],
          "tests": [
            {
              "title": "Verifica se as cores geradas na paleta são diferentes a cada carregamento da página",
              "fullTitle": "12 - Faça com que as cores da paleta sejam geradas aleatoriamente ao carregar a página. Verifica se as cores geradas na paleta são diferentes a cada carregamento da página",
              "timedOut": null,
              "duration": 287,
              "state": "failed",
              "speed": null,
              "pass": false,
              "fail": true,
              "pending": false,
              "context": null,
              "code": "cy.get('.color').then(function (colors) {\n  var currentColors;\n  var previousColors;\n  previousColors = Array.from(colors).map(function (color) {\n    return Cypress.$(color).css('background-color');\n  });\n  for (var i = 0; i < 5; i += 1) {\n    cy.reload();\n    cy.get('.color').then(function (colors) {\n      currentColors = Array.from(colors).map(function (color) {\n        return Cypress.$(color).css('background-color');\n      });\n      expect(currentColors).not.to.deep.equal(previousColors);\n      previousColors = currentColors;\n    });\n  }\n});",
              "err": {
                "message": "AssertionError: expected [ Array(4) ] to not deeply equal [ Array(4) ]",
                "estack": "AssertionError: expected [ Array(4) ] to not deeply equal [ Array(4) ]\n    at getRet (http://localhost:38513/__cypress/runner/cypress_runner.js:136585:16)\n    at tryCatcher (http://localhost:38513/__cypress/runner/cypress_runner.js:167415:23)\n    at Function.Promise.attempt.Promise.try (http://localhost:38513/__cypress/runner/cypress_runner.js:164690:29)\n    at Context.thenFn (http://localhost:38513/__cypress/runner/cypress_runner.js:136599:23)\n    at Context.then (http://localhost:38513/__cypress/runner/cypress_runner.js:136971:21)\n    at Context.<anonymous> (http://localhost:38513/__cypress/runner/cypress_runner.js:148875:21)\n    at http://localhost:38513/__cypress/runner/cypress_runner.js:148351:33\n    at tryCatcher (http://localhost:38513/__cypress/runner/cypress_runner.js:167415:23)\n    at Promise._settlePromiseFromHandler (http://localhost:38513/__cypress/runner/cypress_runner.js:165351:31)\n    at Promise._settlePromise (http://localhost:38513/__cypress/runner/cypress_runner.js:165408:18)\n    at Promise._settlePromiseCtx (http://localhost:38513/__cypress/runner/cypress_runner.js:165445:10)\n    at Async../node_modules/bluebird/js/release/async.js.Async._drainQueue (http://localhost:38513/__cypress/runner/cypress_runner.js:162145:12)\n    at Async../node_modules/bluebird/js/release/async.js.Async._drainQueues (http://localhost:38513/__cypress/runner/cypress_runner.js:162150:10)\n    at Async.drainQueues (http://localhost:38513/__cypress/runner/cypress_runner.js:162024:14)",
                "diff": ""
              },
              "uuid": "9cc2a636-57c7-4a4d-a8d3-a77a05e51a2a",
              "parentUUID": "092defc5-71e1-487e-8d03-2ef0cb3450dc",
              "isHook": false,
              "skipped": false
            },
            {
              "title": "Verifica se a cor preta ainda está presente e é a primeira na sua paleta de cores",
              "fullTitle": "12 - Faça com que as cores da paleta sejam geradas aleatoriamente ao carregar a página. Verifica se a cor preta ainda está presente e é a primeira na sua paleta de cores",
              "timedOut": null,
              "duration": 244,
              "state": "failed",
              "speed": null,
              "pass": false,
              "fail": true,
              "pending": false,
              "context": null,
              "code": "cy.get('.color').then(function (colors) {\n  var currentColors;\n  var previousColors;\n  previousColors = Array.from(colors).map(function (color) {\n    return Cypress.$(color).css('background-color');\n  });\n  expect(previousColors[0]).to.eq(BLACK);\n  for (var i = 0; i < 5; i += 1) {\n    cy.reload();\n    cy.get('.color').then(function (colors) {\n      currentColors = Array.from(colors).map(function (color) {\n        return Cypress.$(color).css('background-color');\n      });\n      expect(currentColors[0]).to.eq(BLACK);\n      expect(currentColors).not.to.deep.equal(previousColors);\n      previousColors = currentColors;\n    });\n  }\n});",
              "err": {
                "message": "AssertionError: expected [ Array(4) ] to not deeply equal [ Array(4) ]",
                "estack": "AssertionError: expected [ Array(4) ] to not deeply equal [ Array(4) ]\n    at getRet (http://localhost:38513/__cypress/runner/cypress_runner.js:136585:16)\n    at tryCatcher (http://localhost:38513/__cypress/runner/cypress_runner.js:167415:23)\n    at Function.Promise.attempt.Promise.try (http://localhost:38513/__cypress/runner/cypress_runner.js:164690:29)\n    at Context.thenFn (http://localhost:38513/__cypress/runner/cypress_runner.js:136599:23)\n    at Context.then (http://localhost:38513/__cypress/runner/cypress_runner.js:136971:21)\n    at Context.<anonymous> (http://localhost:38513/__cypress/runner/cypress_runner.js:148875:21)\n    at http://localhost:38513/__cypress/runner/cypress_runner.js:148351:33\n    at tryCatcher (http://localhost:38513/__cypress/runner/cypress_runner.js:167415:23)\n    at Promise._settlePromiseFromHandler (http://localhost:38513/__cypress/runner/cypress_runner.js:165351:31)\n    at Promise._settlePromise (http://localhost:38513/__cypress/runner/cypress_runner.js:165408:18)\n    at Promise._settlePromiseCtx (http://localhost:38513/__cypress/runner/cypress_runner.js:165445:10)\n    at Async../node_modules/bluebird/js/release/async.js.Async._drainQueue (http://localhost:38513/__cypress/runner/cypress_runner.js:162145:12)\n    at Async../node_modules/bluebird/js/release/async.js.Async._drainQueues (http://localhost:38513/__cypress/runner/cypress_runner.js:162150:10)\n    at Async.drainQueues (http://localhost:38513/__cypress/runner/cypress_runner.js:162024:14)",
                "diff": ""
              },
              "uuid": "c1923707-02d0-4daa-8619-eb1cc248bdb4",
              "parentUUID": "092defc5-71e1-487e-8d03-2ef0cb3450dc",
              "isHook": false,
              "skipped": false
            }
          ],
          "suites": [],
          "passes": [],
          "failures": [
            "9cc2a636-57c7-4a4d-a8d3-a77a05e51a2a",
            "c1923707-02d0-4daa-8619-eb1cc248bdb4"
          ],
          "pending": [],
          "skipped": [],
          "duration": 531,
          "root": false,
          "rootEmpty": false,
          "_timeout": 2000
        }
      ],
      "passes": [],
      "failures": [],
      "pending": [],
      "skipped": [],
      "duration": 0,
      "root": true,
      "rootEmpty": true,
      "_timeout": 2000
    }
  ],
  "meta": {
    "mocha": {
      "version": "7.0.1"
    },
    "mochawesome": {
      "options": {
        "quiet": false,
        "reportFilename": "mochawesome",
        "saveHtml": false,
        "saveJson": true,
        "consoleReporter": "spec",
        "useInlineDiffs": false
      },
      "version": "4.1.0"
    },
    "marge": {
      "options": {
        "id": "default",
        "reportDir": "cypress/reports",
        "overwrite": true,
        "html": false,
        "json": true
      },
      "version": "4.1.0"
    }
  }
}